<?xml version="1.0" encoding="UTF-8"?>
<testng-results skipped="0" failed="1" ignored="0" total="4" passed="3">
  <reporter-output>
  </reporter-output>
  <suite name="Suite" duration-ms="46" started-at="2018-09-11T08:26:22Z" finished-at="2018-09-11T08:26:22Z">
    <groups>
    </groups>
    <test name="Test1" duration-ms="46" started-at="2018-09-11T08:26:22Z" finished-at="2018-09-11T08:26:22Z">
      <class name="java20.Test4">
        <test-method status="PASS" signature="testAssert1()[pri:0, instance:java20.Test4@3bfdc050]" name="testAssert1" duration-ms="13" started-at="2018-09-11T08:26:22Z" finished-at="2018-09-11T08:26:22Z">
          <reporter-output>
          </reporter-output>
        </test-method> <!-- testAssert1 -->
        <test-method status="FAIL" signature="testAssert2()[pri:0, instance:java20.Test4@3bfdc050]" name="testAssert2" duration-ms="13" started-at="2018-09-11T08:26:22Z" finished-at="2018-09-11T08:26:22Z">
          <exception class="java.lang.AssertionError">
            <message>
              <![CDATA[比较两个数字是否相等 expected [2] but found [1]]]>
            </message>
            <full-stacktrace>
              <![CDATA[java.lang.AssertionError: 比较两个数字是否相等 expected [2] but found [1]at org.testng.Assert.fail(Assert.java:96)at org.testng.Assert.failNotEquals(Assert.java:776)at org.testng.Assert.assertEqualsImpl(Assert.java:137)at org.testng.Assert.assertEquals(Assert.java:118)at org.testng.Assert.assertEquals(Assert.java:652)at java20.Test4.testAssert2(Test4.java:17)at sun.reflect.NativeMethodAccessorImpl.invoke0(Native Method)at sun.reflect.NativeMethodAccessorImpl.invoke(NativeMethodAccessorImpl.java:62)at sun.reflect.DelegatingMethodAccessorImpl.invoke(DelegatingMethodAccessorImpl.java:43)at java.lang.reflect.Method.invoke(Method.java:498)at org.testng.internal.MethodInvocationHelper.invokeMethod(MethodInvocationHelper.java:124)at org.testng.internal.Invoker.invokeMethod(Invoker.java:571)at org.testng.internal.Invoker.invokeTestMethod(Invoker.java:707)at org.testng.internal.Invoker.invokeTestMethods(Invoker.java:979)at org.testng.internal.TestMethodWorker.invokeTestMethods(TestMethodWorker.java:124)at org.testng.internal.TestMethodWorker.run(TestMethodWorker.java:109)at java.util.concurrent.ThreadPoolExecutor.runWorker(ThreadPoolExecutor.java:1142)at java.util.concurrent.ThreadPoolExecutor$Worker.run(ThreadPoolExecutor.java:617)at java.lang.Thread.run(Thread.java:748)]]>
            </full-stacktrace>
          </exception> <!-- java.lang.AssertionError -->
          <reporter-output>
          </reporter-output>
        </test-method> <!-- testAssert2 -->
      </class> <!-- java20.Test4 -->
      <class name="java20.TestData">
        <test-method status="PASS" signature="testdemoe(int, int)[pri:0, instance:java20.TestData@5c3bd550]" name="testdemoe" duration-ms="1" started-at="2018-09-11T08:26:22Z" data-provider="dataprovider" finished-at="2018-09-11T08:26:22Z">
          <params>
            <param index="0">
              <value>
                <![CDATA[1]]>
              </value>
            </param>
            <param index="1">
              <value>
                <![CDATA[2]]>
              </value>
            </param>
          </params>
          <reporter-output>
          </reporter-output>
        </test-method> <!-- testdemoe -->
        <test-method status="PASS" signature="testdemoe(int, int)[pri:0, instance:java20.TestData@5c3bd550]" name="testdemoe" duration-ms="1" started-at="2018-09-11T08:26:22Z" data-provider="dataprovider" finished-at="2018-09-11T08:26:22Z">
          <params>
            <param index="0">
              <value>
                <![CDATA[3]]>
              </value>
            </param>
            <param index="1">
              <value>
                <![CDATA[4]]>
              </value>
            </param>
          </params>
          <reporter-output>
          </reporter-output>
        </test-method> <!-- testdemoe -->
      </class> <!-- java20.TestData -->
    </test> <!-- Test1 -->
  </suite> <!-- Suite -->
</testng-results>
